{
  "RSpec": {
    "coverage": {
      "/Users/charlieslater/MakersProjects/oystercard_tuesday/spec/oyster_card_spec.rb": {
        "lines": [
          1,
          null,
          1,
          5,
          5,
          1,
          1,
          1,
          null,
          1,
          1,
          null,
          null,
          null,
          1,
          1,
          1,
          1,
          null,
          1,
          1,
          1,
          2,
          null,
          null,
          null,
          null,
          1,
          1,
          1,
          1,
          1,
          null,
          null,
          null,
          1,
          1,
          1,
          null,
          null,
          null,
          1,
          1,
          1,
          1,
          1,
          1,
          null,
          1,
          1,
          1,
          1,
          null,
          null,
          1,
          1,
          2,
          null,
          null,
          null,
          null,
          1,
          1,
          1,
          1,
          1,
          null,
          1,
          1,
          4,
          null,
          1,
          1,
          1,
          1,
          1,
          1,
          null,
          null,
          null,
          null
        ]
      },
      "/Users/charlieslater/MakersProjects/oystercard_tuesday/lib/oyster_card.rb": {
        "lines": [
          1,
          1,
          1,
          1,
          null,
          1,
          12,
          12,
          12,
          null,
          null,
          1,
          9,
          8,
          null,
          null,
          null,
          1,
          3,
          null,
          null,
          1,
          4,
          3,
          3,
          null,
          null,
          1,
          4,
          4,
          4,
          null,
          null,
          1,
          1,
          4,
          null,
          null,
          1,
          9,
          null,
          null,
          1,
          4,
          null,
          null
        ]
      }
    },
    "timestamp": 1620146335
  }
}
